G:\LCCWORKPLACE_STUDY\VS2010\SERIESPORT_2\SERIESPORT\DEBUG\SERIESPORT.EXE
G:\LCCWORKPLACE_STUDY\VS2010\SERIESPORT_2\SERIESPORT\DEBUG\SERIESPORT.EXE.MANIFEST
G:\LCCWORKPLACE_STUDY\VS2010\SERIESPORT_2\SERIESPORT\DEBUG\SERIESPORT.ILK
G:\LCCWORKPLACE_STUDY\VS2010\SERIESPORT_2\SERIESPORT\DEBUG\SERIESPORT.PDB
G:\LCCworkPlace_Study\vs2010\seriesPort_2\seriesPort\seriesPort\Debug\cl.command.1.tlog
G:\LCCworkPlace_Study\vs2010\seriesPort_2\seriesPort\seriesPort\Debug\CL.read.1.tlog
G:\LCCworkPlace_Study\vs2010\seriesPort_2\seriesPort\seriesPort\Debug\CL.write.1.tlog
G:\LCCWORKPLACE_STUDY\VS2010\SERIESPORT_2\SERIESPORT\SERIESPORT\DEBUG\DP_GSL.OBJ
G:\LCCworkPlace_Study\vs2010\seriesPort_2\seriesPort\seriesPort\Debug\link.command.1.tlog
G:\LCCworkPlace_Study\vs2010\seriesPort_2\seriesPort\seriesPort\Debug\link.read.1.tlog
G:\LCCworkPlace_Study\vs2010\seriesPort_2\seriesPort\seriesPort\Debug\link.write.1.tlog
G:\LCCWORKPLACE_STUDY\VS2010\SERIESPORT_2\SERIESPORT\SERIESPORT\DEBUG\MAIN.OBJ
G:\LCCworkPlace_Study\vs2010\seriesPort_2\seriesPort\seriesPort\Debug\mt.command.1.tlog
G:\LCCworkPlace_Study\vs2010\seriesPort_2\seriesPort\seriesPort\Debug\mt.read.1.tlog
G:\LCCworkPlace_Study\vs2010\seriesPort_2\seriesPort\seriesPort\Debug\mt.write.1.tlog
G:\LCCWORKPLACE_STUDY\VS2010\SERIESPORT_2\SERIESPORT\SERIESPORT\DEBUG\SERIESPORT.EXE.INTERMEDIATE.MANIFEST
G:\LCCworkPlace_Study\vs2010\seriesPort_2\seriesPort\seriesPort\Debug\seriesPort.write.1.tlog
G:\LCCWORKPLACE_STUDY\VS2010\SERIESPORT_2\SERIESPORT\SERIESPORT\DEBUG\TLS.OBJ
G:\LCCworkPlace_Study\vs2010\seriesPort_2\seriesPort\seriesPort\Debug\vc100.idb
G:\LCCWORKPLACE_STUDY\VS2010\SERIESPORT_2\SERIESPORT\SERIESPORT\DEBUG\VC100.PDB
